# JRE version: OpenJDK Runtime Environment (8.0_222-b10) (build 1.8.0_222-8u222-b10-1ubuntu1~18.04.1-b10)
# Java VM: OpenJDK 64-Bit Server VM (25.222-b10 mixed mode linux-amd64 compressed oops)
Heap:
 PSYoungGen      total 3388416K, used 23704K [0x000000069c580000, 0x000000076d080000, 0x00000007c0000000)
  eden space 3361280K, 0% used [0x000000069c580000,0x000000069c580000,0x0000000769800000)
  from space 27136K, 87% used [0x0000000769800000,0x000000076af26318,0x000000076b280000)
  to   space 23552K, 0% used [0x000000076b280000,0x000000076b280000,0x000000076c980000)
 ParOldGen       total 171008K, used 46094K [0x0000000455000000, 0x000000045f700000, 0x000000069c580000)
  object space 171008K, 26% used [0x0000000455000000,0x0000000457d03a08,0x000000045f700000)
 Metaspace       used 13371K, capacity 13660K, committed 13952K, reserved 1060864K
  class space    used 1546K, capacity 1622K, committed 1664K, reserved 1048576K
GC Heap History (10 events):
Event: 2,952 GC heap after
Heap after GC invocations=12 (full 0):
 PSYoungGen      total 1328128K, used 3712K [0x000000069c580000, 0x00000006ee180000, 0x00000007c0000000)
  eden space 1318400K, 0% used [0x000000069c580000,0x000000069c580000,0x00000006ecd00000)
  from space 9728K, 38% used [0x00000006ed700000,0x00000006edaa0000,0x00000006ee080000)
  to   space 10240K, 0% used [0x00000006ecd00000,0x00000006ecd00000,0x00000006ed700000)
 ParOldGen       total 171008K, used 22967K [0x0000000455000000, 0x000000045f700000, 0x000000069c580000)
  object space 171008K, 13% used [0x0000000455000000,0x000000045666dd50,0x000000045f700000)
 Metaspace       used 13147K, capacity 13438K, committed 13696K, reserved 1060864K
  class space    used 1528K, capacity 1617K, committed 1664K, reserved 1048576K
}
Event: 3,335 GC heap before
{Heap before GC invocations=13 (full 0):
 PSYoungGen      total 1328128K, used 1322112K [0x000000069c580000, 0x00000006ee180000, 0x00000007c0000000)
  eden space 1318400K, 100% used [0x000000069c580000,0x00000006ecd00000,0x00000006ecd00000)
  from space 9728K, 38% used [0x00000006ed700000,0x00000006edaa0000,0x00000006ee080000)
  to   space 10240K, 0% used [0x00000006ecd00000,0x00000006ecd00000,0x00000006ed700000)
 ParOldGen       total 171008K, used 22967K [0x0000000455000000, 0x000000045f700000, 0x000000069c580000)
  object space 171008K, 13% used [0x0000000455000000,0x000000045666dd50,0x000000045f700000)
 Metaspace       used 13147K, capacity 13438K, committed 13696K, reserved 1060864K
  class space    used 1528K, capacity 1617K, committed 1664K, reserved 1048576K
Event: 3,373 GC heap after
Heap after GC invocations=13 (full 0):
 PSYoungGen      total 1328640K, used 10208K [0x000000069c580000, 0x000000071e980000, 0x00000007c0000000)
  eden space 1318400K, 0% used [0x000000069c580000,0x000000069c580000,0x00000006ecd00000)
  from space 10240K, 99% used [0x00000006ecd00000,0x00000006ed6f8040,0x00000006ed700000)
  to   space 12288K, 0% used [0x000000071dd80000,0x000000071dd80000,0x000000071e980000)
 ParOldGen       total 171008K, used 26903K [0x0000000455000000, 0x000000045f700000, 0x000000069c580000)
  object space 171008K, 15% used [0x0000000455000000,0x0000000456a45d50,0x000000045f700000)
 Metaspace       used 13147K, capacity 13438K, committed 13696K, reserved 1060864K
  class space    used 1528K, capacity 1617K, committed 1664K, reserved 1048576K
}
Event: 4,197 GC heap before
{Heap before GC invocations=14 (full 0):
 PSYoungGen      total 1328640K, used 1328608K [0x000000069c580000, 0x000000071e980000, 0x00000007c0000000)
  eden space 1318400K, 100% used [0x000000069c580000,0x00000006ecd00000,0x00000006ecd00000)
  from space 10240K, 99% used [0x00000006ecd00000,0x00000006ed6f8040,0x00000006ed700000)
  to   space 12288K, 0% used [0x000000071dd80000,0x000000071dd80000,0x000000071e980000)
 ParOldGen       total 171008K, used 26903K [0x0000000455000000, 0x000000045f700000, 0x000000069c580000)
  object space 171008K, 15% used [0x0000000455000000,0x0000000456a45d50,0x000000045f700000)
 Metaspace       used 13312K, capacity 13648K, committed 13952K, reserved 1060864K
  class space    used 1543K, capacity 1620K, committed 1664K, reserved 1048576K
Event: 4,245 GC heap after
Heap after GC invocations=14 (full 0):
 PSYoungGen      total 2115072K, used 12284K [0x000000069c580000, 0x000000071f680000, 0x00000007c0000000)
  eden space 2102784K, 0% used [0x000000069c580000,0x000000069c580000,0x000000071cb00000)
  from space 12288K, 99% used [0x000000071dd80000,0x000000071e97f148,0x000000071e980000)
  to   space 18944K, 0% used [0x000000071cb00000,0x000000071cb00000,0x000000071dd80000)
 ParOldGen       total 171008K, used 40642K [0x0000000455000000, 0x000000045f700000, 0x000000069c580000)
  object space 171008K, 23% used [0x0000000455000000,0x00000004577b09a8,0x000000045f700000)
 Metaspace       used 13312K, capacity 13648K, committed 13952K, reserved 1060864K
  class space    used 1543K, capacity 1620K, committed 1664K, reserved 1048576K
}
Event: 6,235 GC heap before
{Heap before GC invocations=15 (full 0):
 PSYoungGen      total 2115072K, used 2115068K [0x000000069c580000, 0x000000071f680000, 0x00000007c0000000)
  eden space 2102784K, 100% used [0x000000069c580000,0x000000071cb00000,0x000000071cb00000)
  from space 12288K, 99% used [0x000000071dd80000,0x000000071e97f148,0x000000071e980000)
  to   space 18944K, 0% used [0x000000071cb00000,0x000000071cb00000,0x000000071dd80000)
 ParOldGen       total 171008K, used 40642K [0x0000000455000000, 0x000000045f700000, 0x000000069c580000)
  object space 171008K, 23% used [0x0000000455000000,0x00000004577b09a8,0x000000045f700000)
 Metaspace       used 13361K, capacity 13648K, committed 13952K, reserved 1060864K
  class space    used 1545K, capacity 1620K, committed 1664K, reserved 1048576K
Event: 6,249 GC heap after
Heap after GC invocations=15 (full 0):
 PSYoungGen      total 2121728K, used 18929K [0x000000069c580000, 0x000000076c980000, 0x00000007c0000000)
  eden space 2102784K, 0% used [0x000000069c580000,0x000000069c580000,0x000000071cb00000)
  from space 18944K, 99% used [0x000000071cb00000,0x000000071dd7c540,0x000000071dd80000)
  to   space 23552K, 0% used [0x000000076b280000,0x000000076b280000,0x000000076c980000)
 ParOldGen       total 171008K, used 45894K [0x0000000455000000, 0x000000045f700000, 0x000000069c580000)
  object space 171008K, 26% used [0x0000000455000000,0x0000000457cd19e8,0x000000045f700000)
 Metaspace       used 13361K, capacity 13648K, committed 13952K, reserved 1060864K
  class space    used 1545K, capacity 1620K, committed 1664K, reserved 1048576K
}
Event: 7,839 GC heap before
{Heap before GC invocations=16 (full 0):
 PSYoungGen      total 2121728K, used 2121713K [0x000000069c580000, 0x000000076c980000, 0x00000007c0000000)
  eden space 2102784K, 100% used [0x000000069c580000,0x000000071cb00000,0x000000071cb00000)
  from space 18944K, 99% used [0x000000071cb00000,0x000000071dd7c540,0x000000071dd80000)
  to   space 23552K, 0% used [0x000000076b280000,0x000000076b280000,0x000000076c980000)
 ParOldGen       total 171008K, used 45894K [0x0000000455000000, 0x000000045f700000, 0x000000069c580000)
  object space 171008K, 26% used [0x0000000455000000,0x0000000457cd19e8,0x000000045f700000)
 Metaspace       used 13366K, capacity 13654K, committed 13952K, reserved 1060864K
  class space    used 1545K, capacity 1621K, committed 1664K, reserved 1048576K
Event: 7,851 GC heap after
Heap after GC invocations=16 (full 0):
 PSYoungGen      total 3384832K, used 23529K [0x000000069c580000, 0x000000076d080000, 0x00000007c0000000)
  eden space 3361280K, 0% used [0x000000069c580000,0x000000069c580000,0x0000000769800000)
  from space 23552K, 99% used [0x000000076b280000,0x000000076c97a568,0x000000076c980000)
  to   space 27136K, 0% used [0x0000000769800000,0x0000000769800000,0x000000076b280000)
 ParOldGen       total 171008K, used 46014K [0x0000000455000000, 0x000000045f700000, 0x000000069c580000)
  object space 171008K, 26% used [0x0000000455000000,0x0000000457cef9f8,0x000000045f700000)
 Metaspace       used 13366K, capacity 13654K, committed 13952K, reserved 1060864K
  class space    used 1545K, capacity 1621K, committed 1664K, reserved 1048576K
}
Event: 10,787 GC heap before
{Heap before GC invocations=17 (full 0):
 PSYoungGen      total 3384832K, used 3384809K [0x000000069c580000, 0x000000076d080000, 0x00000007c0000000)
  eden space 3361280K, 100% used [0x000000069c580000,0x0000000769800000,0x0000000769800000)
  from space 23552K, 99% used [0x000000076b280000,0x000000076c97a568,0x000000076c980000)
  to   space 27136K, 0% used [0x0000000769800000,0x0000000769800000,0x000000076b280000)
 ParOldGen       total 171008K, used 46014K [0x0000000455000000, 0x000000045f700000, 0x000000069c580000)
  object space 171008K, 26% used [0x0000000455000000,0x0000000457cef9f8,0x000000045f700000)
 Metaspace       used 13371K, capacity 13660K, committed 13952K, reserved 1060864K
  class space    used 1546K, capacity 1622K, committed 1664K, reserved 1048576K

