# JRE version: OpenJDK Runtime Environment (8.0_222-b10) (build 1.8.0_222-8u222-b10-1ubuntu1~18.04.1-b10)
# Java VM: OpenJDK 64-Bit Server VM (25.222-b10 mixed mode linux-amd64 compressed oops)
Heap:
 PSYoungGen      total 3388416K, used 23763K [0x000000069c580000, 0x000000076d080000, 0x00000007c0000000)
  eden space 3361280K, 0% used [0x000000069c580000,0x000000069c580000,0x0000000769800000)
  from space 27136K, 87% used [0x0000000769800000,0x000000076af34c98,0x000000076b280000)
  to   space 23552K, 0% used [0x000000076b280000,0x000000076b280000,0x000000076c980000)
 ParOldGen       total 171008K, used 45745K [0x0000000455000000, 0x000000045f700000, 0x000000069c580000)
  object space 171008K, 26% used [0x0000000455000000,0x0000000457cac580,0x000000045f700000)
 Metaspace       used 13365K, capacity 13668K, committed 13952K, reserved 1060864K
  class space    used 1546K, capacity 1622K, committed 1664K, reserved 1048576K
GC Heap History (10 events):
Event: 3,155 GC heap after
Heap after GC invocations=12 (full 0):
 PSYoungGen      total 1328128K, used 3776K [0x000000069c580000, 0x00000006ee180000, 0x00000007c0000000)
  eden space 1318400K, 0% used [0x000000069c580000,0x000000069c580000,0x00000006ecd00000)
  from space 9728K, 38% used [0x00000006ed700000,0x00000006edab0000,0x00000006ee080000)
  to   space 10240K, 0% used [0x00000006ecd00000,0x00000006ecd00000,0x00000006ed700000)
 ParOldGen       total 171008K, used 22955K [0x0000000455000000, 0x000000045f700000, 0x000000069c580000)
  object space 171008K, 13% used [0x0000000455000000,0x000000045666aed0,0x000000045f700000)
 Metaspace       used 13151K, capacity 13446K, committed 13696K, reserved 1060864K
  class space    used 1528K, capacity 1617K, committed 1664K, reserved 1048576K
}
Event: 3,558 GC heap before
{Heap before GC invocations=13 (full 0):
 PSYoungGen      total 1328128K, used 1322176K [0x000000069c580000, 0x00000006ee180000, 0x00000007c0000000)
  eden space 1318400K, 100% used [0x000000069c580000,0x00000006ecd00000,0x00000006ecd00000)
  from space 9728K, 38% used [0x00000006ed700000,0x00000006edab0000,0x00000006ee080000)
  to   space 10240K, 0% used [0x00000006ecd00000,0x00000006ecd00000,0x00000006ed700000)
 ParOldGen       total 171008K, used 22955K [0x0000000455000000, 0x000000045f700000, 0x000000069c580000)
  object space 171008K, 13% used [0x0000000455000000,0x000000045666aed0,0x000000045f700000)
 Metaspace       used 13151K, capacity 13446K, committed 13696K, reserved 1060864K
  class space    used 1528K, capacity 1617K, committed 1664K, reserved 1048576K
Event: 3,584 GC heap after
Heap after GC invocations=13 (full 0):
 PSYoungGen      total 1328640K, used 10208K [0x000000069c580000, 0x000000071ea80000, 0x00000007c0000000)
  eden space 1318400K, 0% used [0x000000069c580000,0x000000069c580000,0x00000006ecd00000)
  from space 10240K, 99% used [0x00000006ecd00000,0x00000006ed6f8050,0x00000006ed700000)
  to   space 12800K, 0% used [0x000000071de00000,0x000000071de00000,0x000000071ea80000)
 ParOldGen       total 171008K, used 27939K [0x0000000455000000, 0x000000045f700000, 0x000000069c580000)
  object space 171008K, 16% used [0x0000000455000000,0x0000000456b48ed0,0x000000045f700000)
 Metaspace       used 13151K, capacity 13446K, committed 13696K, reserved 1060864K
  class space    used 1528K, capacity 1617K, committed 1664K, reserved 1048576K
}
Event: 4,528 GC heap before
{Heap before GC invocations=14 (full 0):
 PSYoungGen      total 1328640K, used 1328608K [0x000000069c580000, 0x000000071ea80000, 0x00000007c0000000)
  eden space 1318400K, 100% used [0x000000069c580000,0x00000006ecd00000,0x00000006ecd00000)
  from space 10240K, 99% used [0x00000006ecd00000,0x00000006ed6f8050,0x00000006ed700000)
  to   space 12800K, 0% used [0x000000071de00000,0x000000071de00000,0x000000071ea80000)
 ParOldGen       total 171008K, used 27939K [0x0000000455000000, 0x000000045f700000, 0x000000069c580000)
  object space 171008K, 16% used [0x0000000455000000,0x0000000456b48ed0,0x000000045f700000)
 Metaspace       used 13305K, capacity 13592K, committed 13952K, reserved 1060864K
  class space    used 1543K, capacity 1620K, committed 1664K, reserved 1048576K
Event: 4,585 GC heap after
Heap after GC invocations=14 (full 0):
 PSYoungGen      total 2115584K, used 12789K [0x000000069c580000, 0x000000071f780000, 0x00000007c0000000)
  eden space 2102784K, 0% used [0x000000069c580000,0x000000069c580000,0x000000071cb00000)
  from space 12800K, 99% used [0x000000071de00000,0x000000071ea7d510,0x000000071ea80000)
  to   space 19456K, 0% used [0x000000071cb00000,0x000000071cb00000,0x000000071de00000)
 ParOldGen       total 171008K, used 40898K [0x0000000455000000, 0x000000045f700000, 0x000000069c580000)
  object space 171008K, 23% used [0x0000000455000000,0x00000004577f0a30,0x000000045f700000)
 Metaspace       used 13305K, capacity 13592K, committed 13952K, reserved 1060864K
  class space    used 1543K, capacity 1620K, committed 1664K, reserved 1048576K
}
Event: 6,719 GC heap before
{Heap before GC invocations=15 (full 0):
 PSYoungGen      total 2115584K, used 2115573K [0x000000069c580000, 0x000000071f780000, 0x00000007c0000000)
  eden space 2102784K, 100% used [0x000000069c580000,0x000000071cb00000,0x000000071cb00000)
  from space 12800K, 99% used [0x000000071de00000,0x000000071ea7d510,0x000000071ea80000)
  to   space 19456K, 0% used [0x000000071cb00000,0x000000071cb00000,0x000000071de00000)
 ParOldGen       total 171008K, used 40898K [0x0000000455000000, 0x000000045f700000, 0x000000069c580000)
  object space 171008K, 23% used [0x0000000455000000,0x00000004577f0a30,0x000000045f700000)
 Metaspace       used 13354K, capacity 13656K, committed 13952K, reserved 1060864K
  class space    used 1545K, capacity 1620K, committed 1664K, reserved 1048576K
Event: 6,734 GC heap after
Heap after GC invocations=15 (full 0):
 PSYoungGen      total 2122240K, used 19445K [0x000000069c580000, 0x000000076c980000, 0x00000007c0000000)
  eden space 2102784K, 0% used [0x000000069c580000,0x000000069c580000,0x000000071cb00000)
  from space 19456K, 99% used [0x000000071cb00000,0x000000071ddfd598,0x000000071de00000)
  to   space 23552K, 0% used [0x000000076b280000,0x000000076b280000,0x000000076c980000)
 ParOldGen       total 171008K, used 45576K [0x0000000455000000, 0x000000045f700000, 0x000000069c580000)
  object space 171008K, 26% used [0x0000000455000000,0x0000000457c82008,0x000000045f700000)
 Metaspace       used 13354K, capacity 13656K, committed 13952K, reserved 1060864K
  class space    used 1545K, capacity 1620K, committed 1664K, reserved 1048576K
}
Event: 8,469 GC heap before
{Heap before GC invocations=16 (full 0):
 PSYoungGen      total 2122240K, used 2122229K [0x000000069c580000, 0x000000076c980000, 0x00000007c0000000)
  eden space 2102784K, 100% used [0x000000069c580000,0x000000071cb00000,0x000000071cb00000)
  from space 19456K, 99% used [0x000000071cb00000,0x000000071ddfd598,0x000000071de00000)
  to   space 23552K, 0% used [0x000000076b280000,0x000000076b280000,0x000000076c980000)
 ParOldGen       total 171008K, used 45576K [0x0000000455000000, 0x000000045f700000, 0x000000069c580000)
  object space 171008K, 26% used [0x0000000455000000,0x0000000457c82008,0x000000045f700000)
 Metaspace       used 13358K, capacity 13662K, committed 13952K, reserved 1060864K
  class space    used 1545K, capacity 1621K, committed 1664K, reserved 1048576K
Event: 8,508 GC heap after
Heap after GC invocations=16 (full 0):
 PSYoungGen      total 3384832K, used 23543K [0x000000069c580000, 0x000000076d080000, 0x00000007c0000000)
  eden space 3361280K, 0% used [0x000000069c580000,0x000000069c580000,0x0000000769800000)
  from space 23552K, 99% used [0x000000076b280000,0x000000076c97dd68,0x000000076c980000)
  to   space 27136K, 0% used [0x0000000769800000,0x0000000769800000,0x000000076b280000)
 ParOldGen       total 171008K, used 45681K [0x0000000455000000, 0x000000045f700000, 0x000000069c580000)
  object space 171008K, 26% used [0x0000000455000000,0x0000000457c9c580,0x000000045f700000)
 Metaspace       used 13358K, capacity 13662K, committed 13952K, reserved 1060864K
  class space    used 1545K, capacity 1621K, committed 1664K, reserved 1048576K
}
Event: 11,620 GC heap before
{Heap before GC invocations=17 (full 0):
 PSYoungGen      total 3384832K, used 3384823K [0x000000069c580000, 0x000000076d080000, 0x00000007c0000000)
  eden space 3361280K, 100% used [0x000000069c580000,0x0000000769800000,0x0000000769800000)
  from space 23552K, 99% used [0x000000076b280000,0x000000076c97dd68,0x000000076c980000)
  to   space 27136K, 0% used [0x0000000769800000,0x0000000769800000,0x000000076b280000)
 ParOldGen       total 171008K, used 45681K [0x0000000455000000, 0x000000045f700000, 0x000000069c580000)
  object space 171008K, 26% used [0x0000000455000000,0x0000000457c9c580,0x000000045f700000)
 Metaspace       used 13365K, capacity 13668K, committed 13952K, reserved 1060864K
  class space    used 1546K, capacity 1622K, committed 1664K, reserved 1048576K

