# JRE version: OpenJDK Runtime Environment (8.0_222-b10) (build 1.8.0_222-8u222-b10-1ubuntu1~18.04.1-b10)
# Java VM: OpenJDK 64-Bit Server VM (25.222-b10 mixed mode linux-amd64 compressed oops)
Heap:
 PSYoungGen      total 2653696K, used 18216K [0x000000069c580000, 0x000000073fb80000, 0x00000007c0000000)
  eden space 2632704K, 0% used [0x000000069c580000,0x000000069c580000,0x000000073d080000)
  from space 20992K, 86% used [0x000000073d080000,0x000000073e24a318,0x000000073e500000)
  to   space 18944K, 0% used [0x000000073e500000,0x000000073e500000,0x000000073f780000)
 ParOldGen       total 171008K, used 32941K [0x0000000455000000, 0x000000045f700000, 0x000000069c580000)
  object space 171008K, 19% used [0x0000000455000000,0x000000045702b768,0x000000045f700000)
 Metaspace       used 13373K, capacity 13672K, committed 13952K, reserved 1060864K
  class space    used 1546K, capacity 1622K, committed 1664K, reserved 1048576K
GC Heap History (10 events):
Event: 2,026 GC heap after
Heap after GC invocations=8 (full 0):
 PSYoungGen      total 1040384K, used 8894K [0x000000069c580000, 0x00000006dc880000, 0x00000007c0000000)
  eden space 1029120K, 0% used [0x000000069c580000,0x000000069c580000,0x00000006db280000)
  from space 11264K, 78% used [0x00000006dbd80000,0x00000006dc62f890,0x00000006dc880000)
  to   space 11264K, 0% used [0x00000006db280000,0x00000006db280000,0x00000006dbd80000)
 ParOldGen       total 171008K, used 6759K [0x0000000455000000, 0x000000045f700000, 0x000000069c580000)
  object space 171008K, 3% used [0x0000000455000000,0x0000000455699c58,0x000000045f700000)
 Metaspace       used 13128K, capacity 13450K, committed 13696K, reserved 1060864K
  class space    used 1529K, capacity 1617K, committed 1664K, reserved 1048576K
}
Event: 2,364 GC heap before
{Heap before GC invocations=9 (full 0):
 PSYoungGen      total 1040384K, used 1038014K [0x000000069c580000, 0x00000006dc880000, 0x00000007c0000000)
  eden space 1029120K, 100% used [0x000000069c580000,0x00000006db280000,0x00000006db280000)
  from space 11264K, 78% used [0x00000006dbd80000,0x00000006dc62f890,0x00000006dc880000)
  to   space 11264K, 0% used [0x00000006db280000,0x00000006db280000,0x00000006dbd80000)
 ParOldGen       total 171008K, used 6759K [0x0000000455000000, 0x000000045f700000, 0x000000069c580000)
  object space 171008K, 3% used [0x0000000455000000,0x0000000455699c58,0x000000045f700000)
 Metaspace       used 13151K, capacity 13450K, committed 13696K, reserved 1060864K
  class space    used 1529K, capacity 1617K, committed 1664K, reserved 1048576K
Event: 2,370 GC heap after
Heap after GC invocations=9 (full 0):
 PSYoungGen      total 1040384K, used 10710K [0x000000069c580000, 0x0000000702580000, 0x00000007c0000000)
  eden space 1029120K, 0% used [0x000000069c580000,0x000000069c580000,0x00000006db280000)
  from space 11264K, 95% used [0x00000006db280000,0x00000006dbcf5a08,0x00000006dbd80000)
  to   space 12288K, 0% used [0x0000000701980000,0x0000000701980000,0x0000000702580000)
 ParOldGen       total 171008K, used 9696K [0x0000000455000000, 0x000000045f700000, 0x000000069c580000)
  object space 171008K, 5% used [0x0000000455000000,0x0000000455978390,0x000000045f700000)
 Metaspace       used 13151K, capacity 13450K, committed 13696K, reserved 1060864K
  class space    used 1529K, capacity 1617K, committed 1664K, reserved 1048576K
}
Event: 2,567 GC heap before
{Heap before GC invocations=10 (full 0):
 PSYoungGen      total 1040384K, used 1039830K [0x000000069c580000, 0x0000000702580000, 0x00000007c0000000)
  eden space 1029120K, 100% used [0x000000069c580000,0x00000006db280000,0x00000006db280000)
  from space 11264K, 95% used [0x00000006db280000,0x00000006dbcf5a08,0x00000006dbd80000)
  to   space 12288K, 0% used [0x0000000701980000,0x0000000701980000,0x0000000702580000)
 ParOldGen       total 171008K, used 9696K [0x0000000455000000, 0x000000045f700000, 0x000000069c580000)
  object space 171008K, 5% used [0x0000000455000000,0x0000000455978390,0x000000045f700000)
 Metaspace       used 13151K, capacity 13450K, committed 13696K, reserved 1060864K
  class space    used 1529K, capacity 1617K, committed 1664K, reserved 1048576K
Event: 2,575 GC heap after
Heap after GC invocations=10 (full 0):
 PSYoungGen      total 1658880K, used 9920K [0x000000069c580000, 0x0000000702580000, 0x00000007c0000000)
  eden space 1646592K, 0% used [0x000000069c580000,0x000000069c580000,0x0000000700d80000)
  from space 12288K, 80% used [0x0000000701980000,0x0000000702330010,0x0000000702580000)
  to   space 12288K, 0% used [0x0000000700d80000,0x0000000700d80000,0x0000000701980000)
 ParOldGen       total 171008K, used 15045K [0x0000000455000000, 0x000000045f700000, 0x000000069c580000)
  object space 171008K, 8% used [0x0000000455000000,0x0000000455eb1448,0x000000045f700000)
 Metaspace       used 13151K, capacity 13450K, committed 13696K, reserved 1060864K
  class space    used 1529K, capacity 1617K, committed 1664K, reserved 1048576K
}
Event: 3,623 GC heap before
{Heap before GC invocations=11 (full 0):
 PSYoungGen      total 1658880K, used 1656512K [0x000000069c580000, 0x0000000702580000, 0x00000007c0000000)
  eden space 1646592K, 100% used [0x000000069c580000,0x0000000700d80000,0x0000000700d80000)
  from space 12288K, 80% used [0x0000000701980000,0x0000000702330010,0x0000000702580000)
  to   space 12288K, 0% used [0x0000000700d80000,0x0000000700d80000,0x0000000701980000)
 ParOldGen       total 171008K, used 15045K [0x0000000455000000, 0x000000045f700000, 0x000000069c580000)
  object space 171008K, 8% used [0x0000000455000000,0x0000000455eb1448,0x000000045f700000)
 Metaspace       used 13305K, capacity 13596K, committed 13952K, reserved 1060864K
  class space    used 1541K, capacity 1620K, committed 1664K, reserved 1048576K
Event: 3,644 GC heap after
Heap after GC invocations=11 (full 0):
 PSYoungGen      total 1658880K, used 12276K [0x000000069c580000, 0x000000073f780000, 0x00000007c0000000)
  eden space 1646592K, 0% used [0x000000069c580000,0x000000069c580000,0x0000000700d80000)
  from space 12288K, 99% used [0x0000000700d80000,0x000000070197d160,0x0000000701980000)
  to   space 18944K, 0% used [0x000000073e500000,0x000000073e500000,0x000000073f780000)
 ParOldGen       total 171008K, used 29477K [0x0000000455000000, 0x000000045f700000, 0x000000069c580000)
  object space 171008K, 17% used [0x0000000455000000,0x0000000456cc9738,0x000000045f700000)
 Metaspace       used 13305K, capacity 13596K, committed 13952K, reserved 1060864K
  class space    used 1541K, capacity 1620K, committed 1664K, reserved 1048576K
}
Event: 5,076 GC heap before
{Heap before GC invocations=12 (full 0):
 PSYoungGen      total 1658880K, used 1658868K [0x000000069c580000, 0x000000073f780000, 0x00000007c0000000)
  eden space 1646592K, 100% used [0x000000069c580000,0x0000000700d80000,0x0000000700d80000)
  from space 12288K, 99% used [0x0000000700d80000,0x000000070197d160,0x0000000701980000)
  to   space 18944K, 0% used [0x000000073e500000,0x000000073e500000,0x000000073f780000)
 ParOldGen       total 171008K, used 29477K [0x0000000455000000, 0x000000045f700000, 0x000000069c580000)
  object space 171008K, 17% used [0x0000000455000000,0x0000000456cc9738,0x000000045f700000)
 Metaspace       used 13364K, capacity 13660K, committed 13952K, reserved 1060864K
  class space    used 1545K, capacity 1620K, committed 1664K, reserved 1048576K
Event: 5,088 GC heap after
Heap after GC invocations=12 (full 0):
 PSYoungGen      total 2651648K, used 18260K [0x000000069c580000, 0x000000073fb80000, 0x00000007c0000000)
  eden space 2632704K, 0% used [0x000000069c580000,0x000000069c580000,0x000000073d080000)
  from space 18944K, 96% used [0x000000073e500000,0x000000073f6d50c0,0x000000073f780000)
  to   space 20992K, 0% used [0x000000073d080000,0x000000073d080000,0x000000073e500000)
 ParOldGen       total 171008K, used 32909K [0x0000000455000000, 0x000000045f700000, 0x000000069c580000)
  object space 171008K, 19% used [0x0000000455000000,0x0000000457023768,0x000000045f700000)
 Metaspace       used 13364K, capacity 13660K, committed 13952K, reserved 1060864K
  class space    used 1545K, capacity 1620K, committed 1664K, reserved 1048576K
}
Event: 7,227 GC heap before
{Heap before GC invocations=13 (full 0):
 PSYoungGen      total 2651648K, used 2650964K [0x000000069c580000, 0x000000073fb80000, 0x00000007c0000000)
  eden space 2632704K, 100% used [0x000000069c580000,0x000000073d080000,0x000000073d080000)
  from space 18944K, 96% used [0x000000073e500000,0x000000073f6d50c0,0x000000073f780000)
  to   space 20992K, 0% used [0x000000073d080000,0x000000073d080000,0x000000073e500000)
 ParOldGen       total 171008K, used 32909K [0x0000000455000000, 0x000000045f700000, 0x000000069c580000)
  object space 171008K, 19% used [0x0000000455000000,0x0000000457023768,0x000000045f700000)
 Metaspace       used 13373K, capacity 13672K, committed 13952K, reserved 1060864K
  class space    used 1546K, capacity 1622K, committed 1664K, reserved 1048576K

